<?xml version="1.0" encoding="UTF-8"?>
<testng-results skipped="0" failed="0" ignored="0" total="1" passed="1">
  <reporter-output>
    <line>
      <![CDATA[Sign In menu is visible]]>
    </line>
    <line>
      <![CDATA[Setting page opens up after clicking on setting option]]>
    </line>
  </reporter-output>
  <suite name="Suite" duration-ms="74392" started-at="2019-02-05T16:33:21Z" finished-at="2019-02-05T16:34:36Z">
    <groups>
      <group name="Test">
        <method signature="PurchaseTest.purchaseNewProduct()[pri:0, instance:com.ebay.test.PurchaseTest@1794d431]" name="purchaseNewProduct" class="com.ebay.test.PurchaseTest"/>
      </group> <!-- Test -->
    </groups>
    <test name="Test" duration-ms="74392" started-at="2019-02-05T16:33:21Z" finished-at="2019-02-05T16:34:36Z">
      <class name="com.ebay.test.PurchaseTest">
        <test-method status="PASS" signature="purchaseNewProduct()[pri:0, instance:com.ebay.test.PurchaseTest@1794d431]" name="purchaseNewProduct" duration-ms="74354" started-at="2019-02-05T16:33:21Z" finished-at="2019-02-05T16:34:36Z">
          <reporter-output>
            <line>
              <![CDATA[Sign In menu is visible]]>
            </line>
            <line>
              <![CDATA[Setting page opens up after clicking on setting option]]>
            </line>
          </reporter-output>
        </test-method> <!-- purchaseNewProduct -->
      </class> <!-- com.ebay.test.PurchaseTest -->
    </test> <!-- Test -->
  </suite> <!-- Suite -->
</testng-results>
